<?xml version="1.0" encoding="UTF-8"?>
<!-- Generated by org.testng.reporters.JUnitReportReporter -->
<testsuite skipped="0" hostname="DESKTOP-7K6I4J1" name="test.TestCase" tests="2" failures="0" timestamp="2020-04-24T21:50:50 EDT" time="32.603" errors="0">
  <testcase name="register" time="21.429" classname="test.TestCase"/>
  <testcase name="search" time="11.174" classname="test.TestCase"/>
</testsuite> <!-- test.TestCase -->
